<?xml version="1.0" encoding="UTF-8"?>
<robot generator="Robot 3.2.1 (Python 3.8.3 on win32)" generated="20200708 19:41:18.195" rpa="false">
<suite id="s1" name="Register" source="C:\Automação\robot\PROJETOROBOTWEB\Tests\register.robot">
<test id="s1-t1" name="Cenário: CTO1- Realizar cadastro de usuário">
<kw name="Nova sessão" library="Resource" type="setup">
<kw name="Open Browser" library="SeleniumLibrary">
<doc>Opens a new browser instance to the optional ``url``.</doc>
<arguments>
<arg>${url_register}</arg>
<arg>Chrome</arg>
</arguments>
<msg timestamp="20200708 19:41:18.686" level="INFO">Opening browser 'Chrome' to base url 'http://demo.automationtesting.in/Register.html'.</msg>
<status status="PASS" starttime="20200708 19:41:18.685" endtime="20200708 19:41:26.895"></status>
</kw>
<status status="PASS" starttime="20200708 19:41:18.685" endtime="20200708 19:41:26.895"></status>
</kw>
<kw name="Dado que acessei o formulario de cadastro de usuario" library="Register_PO">
<kw name="Title Should Be" library="SeleniumLibrary">
<doc>Verifies that the current page title equals ``title``.</doc>
<arguments>
<arg>Register</arg>
</arguments>
<msg timestamp="20200708 19:41:26.906" level="INFO">Page title is 'Register'.</msg>
<status status="PASS" starttime="20200708 19:41:26.897" endtime="20200708 19:41:26.906"></status>
</kw>
<status status="PASS" starttime="20200708 19:41:26.896" endtime="20200708 19:41:26.907"></status>
</kw>
<kw name="Quando eu preencho os campos obrigatorios" library="Register_PO">
<kw name="Input Text" library="SeleniumLibrary">
<doc>Types the given ``text`` into the text field identified by ``locator``.</doc>
<arguments>
<arg>${name}</arg>
<arg>Raquel</arg>
</arguments>
<msg timestamp="20200708 19:41:26.909" level="INFO">Typing text 'Raquel' into text field 'xpath://input[@placeholder='First Name']'.</msg>
<status status="PASS" starttime="20200708 19:41:26.909" endtime="20200708 19:41:27.163"></status>
</kw>
<kw name="Input Text" library="SeleniumLibrary">
<doc>Types the given ``text`` into the text field identified by ``locator``.</doc>
<arguments>
<arg>${lastname}</arg>
<arg>Cardoso Dutra</arg>
</arguments>
<msg timestamp="20200708 19:41:27.164" level="INFO">Typing text 'Cardoso Dutra' into text field 'xpath://input[@placeholder='Last Name']'.</msg>
<status status="PASS" starttime="20200708 19:41:27.163" endtime="20200708 19:41:27.494"></status>
</kw>
<kw name="Input Text" library="SeleniumLibrary">
<doc>Types the given ``text`` into the text field identified by ``locator``.</doc>
<arguments>
<arg>${email}</arg>
<arg>seila@teste.com</arg>
</arguments>
<msg timestamp="20200708 19:41:27.495" level="INFO">Typing text 'seila@teste.com' into text field '//*[@id="eid"]/input'.</msg>
<status status="PASS" starttime="20200708 19:41:27.495" endtime="20200708 19:41:28.393"></status>
</kw>
<kw name="Input Text" library="SeleniumLibrary">
<doc>Types the given ``text`` into the text field identified by ``locator``.</doc>
<arguments>
<arg>${phone}</arg>
<arg>4878787855</arg>
</arguments>
<msg timestamp="20200708 19:41:28.394" level="INFO">Typing text '4878787855' into text field 'xpath://*[@id="basicBootstrapForm"]/div[4]/div/input'.</msg>
<status status="PASS" starttime="20200708 19:41:28.394" endtime="20200708 19:41:28.661"></status>
</kw>
<kw name="Select Radio Button" library="SeleniumLibrary">
<doc>Sets the radio button group ``group_name`` to ``value``.</doc>
<arguments>
<arg>radiooptions</arg>
<arg>FeMale</arg>
</arguments>
<msg timestamp="20200708 19:41:28.661" level="INFO">Selecting 'FeMale' from radio button 'radiooptions'.</msg>
<status status="PASS" starttime="20200708 19:41:28.661" endtime="20200708 19:41:28.803"></status>
</kw>
<kw name="Select From List By Label" library="SeleniumLibrary">
<doc>Selects options from selection list ``locator`` by ``labels``.</doc>
<arguments>
<arg>${conutry}</arg>
<arg>Brazil</arg>
</arguments>
<msg timestamp="20200708 19:41:28.804" level="INFO">Selecting options from selection list 'id:countries' by label Brazil.</msg>
<status status="PASS" starttime="20200708 19:41:28.804" endtime="20200708 19:41:28.977"></status>
</kw>
<kw name="Select From List By Label" library="SeleniumLibrary">
<doc>Selects options from selection list ``locator`` by ``labels``.</doc>
<arguments>
<arg>${year}</arg>
<arg>1988</arg>
</arguments>
<msg timestamp="20200708 19:41:28.978" level="INFO">Selecting options from selection list 'id:yearbox' by label 1988.</msg>
<status status="PASS" starttime="20200708 19:41:28.977" endtime="20200708 19:41:29.135"></status>
</kw>
<kw name="Select From List By Value" library="SeleniumLibrary">
<doc>Selects options from selection list ``locator`` by ``values``.</doc>
<arguments>
<arg>${month}</arg>
<arg>November</arg>
</arguments>
<msg timestamp="20200708 19:41:29.137" level="INFO">Selecting options from selection list 'xpath://*[@id="basicBootstrapForm"]/div[11]/div[2]/select' by value November.</msg>
<status status="PASS" starttime="20200708 19:41:29.136" endtime="20200708 19:41:29.291"></status>
</kw>
<kw name="Select From List By Value" library="SeleniumLibrary">
<doc>Selects options from selection list ``locator`` by ``values``.</doc>
<arguments>
<arg>${day}</arg>
<arg>12</arg>
</arguments>
<msg timestamp="20200708 19:41:29.292" level="INFO">Selecting options from selection list 'id:daybox' by value 12.</msg>
<status status="PASS" starttime="20200708 19:41:29.291" endtime="20200708 19:41:29.413"></status>
</kw>
<kw name="Input Text" library="SeleniumLibrary">
<doc>Types the given ``text`` into the text field identified by ``locator``.</doc>
<arguments>
<arg>${password}</arg>
<arg>Robot123456</arg>
</arguments>
<msg timestamp="20200708 19:41:29.414" level="INFO">Typing text 'Robot123456' into text field 'id:firstpassword'.</msg>
<status status="PASS" starttime="20200708 19:41:29.414" endtime="20200708 19:41:29.617"></status>
</kw>
<kw name="Input Text" library="SeleniumLibrary">
<doc>Types the given ``text`` into the text field identified by ``locator``.</doc>
<arguments>
<arg>${confirmapassword}</arg>
<arg>Robot123456</arg>
</arguments>
<msg timestamp="20200708 19:41:29.617" level="INFO">Typing text 'Robot123456' into text field 'id:secondpassword'.</msg>
<status status="PASS" starttime="20200708 19:41:29.617" endtime="20200708 19:41:29.811"></status>
</kw>
<status status="PASS" starttime="20200708 19:41:26.908" endtime="20200708 19:41:29.811"></status>
</kw>
<kw name="E clico em &quot;Enviar&quot;" library="Register_PO">
<kw name="Click Element" library="SeleniumLibrary">
<doc>Click the element identified by ``locator``.</doc>
<arguments>
<arg>${submit}</arg>
</arguments>
<msg timestamp="20200708 19:41:29.813" level="INFO">Clicking element 'id:submitbtn'.</msg>
<status status="PASS" starttime="20200708 19:41:29.813" endtime="20200708 19:41:29.908"></status>
</kw>
<status status="PASS" starttime="20200708 19:41:29.812" endtime="20200708 19:41:29.909"></status>
</kw>
<kw name="Então vejo a listagem de usuarios" library="Register_PO">
<kw name="Wait Until Location Is" library="SeleniumLibrary">
<doc>Waits until the current URL is ``expected``.</doc>
<arguments>
<arg>http://demo.automationtesting.in/WebTable.html</arg>
</arguments>
<status status="PASS" starttime="20200708 19:41:29.910" endtime="20200708 19:41:55.629"></status>
</kw>
<kw name="Title Should Be" library="SeleniumLibrary">
<doc>Verifies that the current page title equals ``title``.</doc>
<arguments>
<arg>Web Table</arg>
</arguments>
<msg timestamp="20200708 19:41:55.744" level="INFO">Page title is 'Web Table'.</msg>
<status status="PASS" starttime="20200708 19:41:55.629" endtime="20200708 19:41:55.744"></status>
</kw>
<status status="PASS" starttime="20200708 19:41:29.909" endtime="20200708 19:41:55.745"></status>
</kw>
<kw name="Encerra sessão" library="Resource" type="teardown">
<kw name="Capture Page Screenshot" library="SeleniumLibrary">
<doc>Takes a screenshot of the current page and embeds it into a log file.</doc>
<msg timestamp="20200708 19:41:56.138" level="INFO" html="yes">&lt;/td&gt;&lt;/tr&gt;&lt;tr&gt;&lt;td colspan="3"&gt;&lt;a href="selenium-screenshot-15.png"&gt;&lt;img src="selenium-screenshot-15.png" width="800px"&gt;&lt;/a&gt;</msg>
<status status="PASS" starttime="20200708 19:41:55.747" endtime="20200708 19:41:56.139"></status>
</kw>
<kw name="Close Browser" library="SeleniumLibrary">
<doc>Closes the current browser.</doc>
<status status="PASS" starttime="20200708 19:41:56.140" endtime="20200708 19:41:58.479"></status>
</kw>
<status status="PASS" starttime="20200708 19:41:55.746" endtime="20200708 19:41:58.480"></status>
</kw>
<tags>
<tag>cadastro</tag>
</tags>
<status status="PASS" starttime="20200708 19:41:18.684" endtime="20200708 19:41:58.480" critical="yes"></status>
</test>
<test id="s1-t2" name="Cenário: CT02- Campo senha deve ser obrigatorio">
<kw name="Nova sessão" library="Resource" type="setup">
<kw name="Open Browser" library="SeleniumLibrary">
<doc>Opens a new browser instance to the optional ``url``.</doc>
<arguments>
<arg>${url_register}</arg>
<arg>Chrome</arg>
</arguments>
<msg timestamp="20200708 19:41:58.488" level="INFO">Opening browser 'Chrome' to base url 'http://demo.automationtesting.in/Register.html'.</msg>
<status status="PASS" starttime="20200708 19:41:58.488" endtime="20200708 19:42:06.356"></status>
</kw>
<status status="PASS" starttime="20200708 19:41:58.487" endtime="20200708 19:42:06.356"></status>
</kw>
<kw name="Dado que acessei o formulario de cadastro de usuario" library="Register_PO">
<kw name="Title Should Be" library="SeleniumLibrary">
<doc>Verifies that the current page title equals ``title``.</doc>
<arguments>
<arg>Register</arg>
</arguments>
<msg timestamp="20200708 19:42:06.369" level="INFO">Page title is 'Register'.</msg>
<status status="PASS" starttime="20200708 19:42:06.358" endtime="20200708 19:42:06.369"></status>
</kw>
<status status="PASS" starttime="20200708 19:42:06.357" endtime="20200708 19:42:06.369"></status>
</kw>
<kw name="Quando eu nao preencho os campos obrigatorios de senha" library="Register_PO">
<kw name="Input Text" library="SeleniumLibrary">
<doc>Types the given ``text`` into the text field identified by ``locator``.</doc>
<arguments>
<arg>${name}</arg>
<arg>Raquel</arg>
</arguments>
<msg timestamp="20200708 19:42:06.374" level="INFO">Typing text 'Raquel' into text field 'xpath://input[@placeholder='First Name']'.</msg>
<status status="PASS" starttime="20200708 19:42:06.373" endtime="20200708 19:42:06.680"></status>
</kw>
<kw name="Input Text" library="SeleniumLibrary">
<doc>Types the given ``text`` into the text field identified by ``locator``.</doc>
<arguments>
<arg>${lastname}</arg>
<arg>Cardoso Dutra</arg>
</arguments>
<msg timestamp="20200708 19:42:06.681" level="INFO">Typing text 'Cardoso Dutra' into text field 'xpath://input[@placeholder='Last Name']'.</msg>
<status status="PASS" starttime="20200708 19:42:06.681" endtime="20200708 19:42:07.771"></status>
</kw>
<kw name="Input Text" library="SeleniumLibrary">
<doc>Types the given ``text`` into the text field identified by ``locator``.</doc>
<arguments>
<arg>${email}</arg>
<arg>seila@teste.com</arg>
</arguments>
<msg timestamp="20200708 19:42:07.773" level="INFO">Typing text 'seila@teste.com' into text field '//*[@id="eid"]/input'.</msg>
<status status="PASS" starttime="20200708 19:42:07.772" endtime="20200708 19:42:08.100"></status>
</kw>
<kw name="Input Text" library="SeleniumLibrary">
<doc>Types the given ``text`` into the text field identified by ``locator``.</doc>
<arguments>
<arg>${phone}</arg>
<arg>4878787855</arg>
</arguments>
<msg timestamp="20200708 19:42:08.102" level="INFO">Typing text '4878787855' into text field 'xpath://*[@id="basicBootstrapForm"]/div[4]/div/input'.</msg>
<status status="PASS" starttime="20200708 19:42:08.101" endtime="20200708 19:42:08.330"></status>
</kw>
<kw name="Select Radio Button" library="SeleniumLibrary">
<doc>Sets the radio button group ``group_name`` to ``value``.</doc>
<arguments>
<arg>radiooptions</arg>
<arg>FeMale</arg>
</arguments>
<msg timestamp="20200708 19:42:08.330" level="INFO">Selecting 'FeMale' from radio button 'radiooptions'.</msg>
<status status="PASS" starttime="20200708 19:42:08.330" endtime="20200708 19:42:08.431"></status>
</kw>
<kw name="Select From List By Label" library="SeleniumLibrary">
<doc>Selects options from selection list ``locator`` by ``labels``.</doc>
<arguments>
<arg>${conutry}</arg>
<arg>Brazil</arg>
</arguments>
<msg timestamp="20200708 19:42:08.432" level="INFO">Selecting options from selection list 'id:countries' by label Brazil.</msg>
<status status="PASS" starttime="20200708 19:42:08.431" endtime="20200708 19:42:08.558"></status>
</kw>
<kw name="Select From List By Label" library="SeleniumLibrary">
<doc>Selects options from selection list ``locator`` by ``labels``.</doc>
<arguments>
<arg>${year}</arg>
<arg>1988</arg>
</arguments>
<msg timestamp="20200708 19:42:08.559" level="INFO">Selecting options from selection list 'id:yearbox' by label 1988.</msg>
<status status="PASS" starttime="20200708 19:42:08.558" endtime="20200708 19:42:08.699"></status>
</kw>
<kw name="Select From List By Value" library="SeleniumLibrary">
<doc>Selects options from selection list ``locator`` by ``values``.</doc>
<arguments>
<arg>${month}</arg>
<arg>November</arg>
</arguments>
<msg timestamp="20200708 19:42:08.701" level="INFO">Selecting options from selection list 'xpath://*[@id="basicBootstrapForm"]/div[11]/div[2]/select' by value November.</msg>
<status status="PASS" starttime="20200708 19:42:08.700" endtime="20200708 19:42:08.819"></status>
</kw>
<kw name="Select From List By Value" library="SeleniumLibrary">
<doc>Selects options from selection list ``locator`` by ``values``.</doc>
<arguments>
<arg>${day}</arg>
<arg>12</arg>
</arguments>
<msg timestamp="20200708 19:42:08.819" level="INFO">Selecting options from selection list 'id:daybox' by value 12.</msg>
<status status="PASS" starttime="20200708 19:42:08.819" endtime="20200708 19:42:08.925"></status>
</kw>
<kw name="Input Text" library="SeleniumLibrary">
<doc>Types the given ``text`` into the text field identified by ``locator``.</doc>
<arguments>
<arg>${password}</arg>
<arg>${EMPTY}</arg>
</arguments>
<msg timestamp="20200708 19:42:08.926" level="INFO">Typing text '' into text field 'id:firstpassword'.</msg>
<status status="PASS" starttime="20200708 19:42:08.925" endtime="20200708 19:42:09.035"></status>
</kw>
<kw name="Input Text" library="SeleniumLibrary">
<doc>Types the given ``text`` into the text field identified by ``locator``.</doc>
<arguments>
<arg>${confirmapassword}</arg>
<arg>${EMPTY}</arg>
</arguments>
<msg timestamp="20200708 19:42:09.035" level="INFO">Typing text '' into text field 'id:secondpassword'.</msg>
<status status="PASS" starttime="20200708 19:42:09.035" endtime="20200708 19:42:09.151"></status>
</kw>
<status status="PASS" starttime="20200708 19:42:06.371" endtime="20200708 19:42:09.151"></status>
</kw>
<kw name="E clico em &quot;Enviar&quot;" library="Register_PO">
<kw name="Click Element" library="SeleniumLibrary">
<doc>Click the element identified by ``locator``.</doc>
<arguments>
<arg>${submit}</arg>
</arguments>
<msg timestamp="20200708 19:42:09.153" level="INFO">Clicking element 'id:submitbtn'.</msg>
<status status="PASS" starttime="20200708 19:42:09.152" endtime="20200708 19:42:09.292"></status>
</kw>
<status status="PASS" starttime="20200708 19:42:09.152" endtime="20200708 19:42:09.292"></status>
</kw>
<kw name="Então vejo uma validação informando que os campos de senha são obrigatórios" library="Register_PO">
<kw name="Page Should Contain" library="SeleniumLibrary">
<doc>Verifies that current page contains ``text``.</doc>
<arguments>
<arg>Please Enter an UpperCase,LowerCase Alphabet and a Number</arg>
</arguments>
<msg timestamp="20200708 19:42:09.348" level="INFO">Current page contains text 'Please Enter an UpperCase,LowerCase Alphabet and a Number'.</msg>
<status status="PASS" starttime="20200708 19:42:09.294" endtime="20200708 19:42:09.349"></status>
</kw>
<status status="PASS" starttime="20200708 19:42:09.293" endtime="20200708 19:42:09.349"></status>
</kw>
<kw name="Encerra sessão" library="Resource" type="teardown">
<kw name="Capture Page Screenshot" library="SeleniumLibrary">
<doc>Takes a screenshot of the current page and embeds it into a log file.</doc>
<msg timestamp="20200708 19:42:09.823" level="INFO" html="yes">&lt;/td&gt;&lt;/tr&gt;&lt;tr&gt;&lt;td colspan="3"&gt;&lt;a href="selenium-screenshot-16.png"&gt;&lt;img src="selenium-screenshot-16.png" width="800px"&gt;&lt;/a&gt;</msg>
<status status="PASS" starttime="20200708 19:42:09.351" endtime="20200708 19:42:09.824"></status>
</kw>
<kw name="Close Browser" library="SeleniumLibrary">
<doc>Closes the current browser.</doc>
<status status="PASS" starttime="20200708 19:42:09.824" endtime="20200708 19:42:12.087"></status>
</kw>
<status status="PASS" starttime="20200708 19:42:09.350" endtime="20200708 19:42:12.088"></status>
</kw>
<tags>
<tag>obrigatorio</tag>
</tags>
<status status="PASS" starttime="20200708 19:41:58.483" endtime="20200708 19:42:12.089" critical="yes"></status>
</test>
<test id="s1-t3" name="Cenário: CT03- Senha nao confere">
<kw name="Nova sessão" library="Resource" type="setup">
<kw name="Open Browser" library="SeleniumLibrary">
<doc>Opens a new browser instance to the optional ``url``.</doc>
<arguments>
<arg>${url_register}</arg>
<arg>Chrome</arg>
</arguments>
<msg timestamp="20200708 19:42:12.095" level="INFO">Opening browser 'Chrome' to base url 'http://demo.automationtesting.in/Register.html'.</msg>
<status status="PASS" starttime="20200708 19:42:12.094" endtime="20200708 19:42:18.905"></status>
</kw>
<status status="PASS" starttime="20200708 19:42:12.093" endtime="20200708 19:42:18.905"></status>
</kw>
<kw name="Dado que acessei o formulario de cadastro de usuario" library="Register_PO">
<kw name="Title Should Be" library="SeleniumLibrary">
<doc>Verifies that the current page title equals ``title``.</doc>
<arguments>
<arg>Register</arg>
</arguments>
<msg timestamp="20200708 19:42:18.917" level="INFO">Page title is 'Register'.</msg>
<status status="PASS" starttime="20200708 19:42:18.907" endtime="20200708 19:42:18.918"></status>
</kw>
<status status="PASS" starttime="20200708 19:42:18.906" endtime="20200708 19:42:18.918"></status>
</kw>
<kw name="Quando eu preencho os campos obrigatorios informando senhas diferentes" library="Register_PO">
<kw name="Input Text" library="SeleniumLibrary">
<doc>Types the given ``text`` into the text field identified by ``locator``.</doc>
<arguments>
<arg>${name}</arg>
<arg>raquel</arg>
</arguments>
<msg timestamp="20200708 19:42:18.920" level="INFO">Typing text 'raquel' into text field 'xpath://input[@placeholder='First Name']'.</msg>
<status status="PASS" starttime="20200708 19:42:18.919" endtime="20200708 19:42:19.153"></status>
</kw>
<kw name="Input Text" library="SeleniumLibrary">
<doc>Types the given ``text`` into the text field identified by ``locator``.</doc>
<arguments>
<arg>${lastname}</arg>
<arg>cardoso</arg>
</arguments>
<msg timestamp="20200708 19:42:19.154" level="INFO">Typing text 'cardoso' into text field 'xpath://input[@placeholder='Last Name']'.</msg>
<status status="PASS" starttime="20200708 19:42:19.153" endtime="20200708 19:42:19.396"></status>
</kw>
<kw name="Input Text" library="SeleniumLibrary">
<doc>Types the given ``text`` into the text field identified by ``locator``.</doc>
<arguments>
<arg>${email}</arg>
<arg>seila@teste.com</arg>
</arguments>
<msg timestamp="20200708 19:42:19.397" level="INFO">Typing text 'seila@teste.com' into text field '//*[@id="eid"]/input'.</msg>
<status status="PASS" starttime="20200708 19:42:19.397" endtime="20200708 19:42:19.762"></status>
</kw>
<kw name="Input Text" library="SeleniumLibrary">
<doc>Types the given ``text`` into the text field identified by ``locator``.</doc>
<arguments>
<arg>${phone}</arg>
<arg>4878787855</arg>
</arguments>
<msg timestamp="20200708 19:42:19.763" level="INFO">Typing text '4878787855' into text field 'xpath://*[@id="basicBootstrapForm"]/div[4]/div/input'.</msg>
<status status="PASS" starttime="20200708 19:42:19.762" endtime="20200708 19:42:21.098"></status>
</kw>
<kw name="Select Radio Button" library="SeleniumLibrary">
<doc>Sets the radio button group ``group_name`` to ``value``.</doc>
<arguments>
<arg>radiooptions</arg>
<arg>FeMale</arg>
</arguments>
<msg timestamp="20200708 19:42:21.099" level="INFO">Selecting 'FeMale' from radio button 'radiooptions'.</msg>
<status status="PASS" starttime="20200708 19:42:21.098" endtime="20200708 19:42:21.247"></status>
</kw>
<kw name="Select From List By Label" library="SeleniumLibrary">
<doc>Selects options from selection list ``locator`` by ``labels``.</doc>
<arguments>
<arg>${conutry}</arg>
<arg>Brazil</arg>
</arguments>
<msg timestamp="20200708 19:42:21.248" level="INFO">Selecting options from selection list 'id:countries' by label Brazil.</msg>
<status status="PASS" starttime="20200708 19:42:21.247" endtime="20200708 19:42:21.364"></status>
</kw>
<kw name="Select From List By Label" library="SeleniumLibrary">
<doc>Selects options from selection list ``locator`` by ``labels``.</doc>
<arguments>
<arg>${year}</arg>
<arg>1988</arg>
</arguments>
<msg timestamp="20200708 19:42:21.366" level="INFO">Selecting options from selection list 'id:yearbox' by label 1988.</msg>
<status status="PASS" starttime="20200708 19:42:21.365" endtime="20200708 19:42:21.536"></status>
</kw>
<kw name="Select From List By Value" library="SeleniumLibrary">
<doc>Selects options from selection list ``locator`` by ``values``.</doc>
<arguments>
<arg>${month}</arg>
<arg>November</arg>
</arguments>
<msg timestamp="20200708 19:42:21.536" level="INFO">Selecting options from selection list 'xpath://*[@id="basicBootstrapForm"]/div[11]/div[2]/select' by value November.</msg>
<status status="PASS" starttime="20200708 19:42:21.536" endtime="20200708 19:42:21.660"></status>
</kw>
<kw name="Select From List By Value" library="SeleniumLibrary">
<doc>Selects options from selection list ``locator`` by ``values``.</doc>
<arguments>
<arg>${day}</arg>
<arg>12</arg>
</arguments>
<msg timestamp="20200708 19:42:21.661" level="INFO">Selecting options from selection list 'id:daybox' by value 12.</msg>
<status status="PASS" starttime="20200708 19:42:21.661" endtime="20200708 19:42:21.776"></status>
</kw>
<kw name="Input Text" library="SeleniumLibrary">
<doc>Types the given ``text`` into the text field identified by ``locator``.</doc>
<arguments>
<arg>${password}</arg>
<arg>Robot123456</arg>
</arguments>
<msg timestamp="20200708 19:42:21.777" level="INFO">Typing text 'Robot123456' into text field 'id:firstpassword'.</msg>
<status status="PASS" starttime="20200708 19:42:21.776" endtime="20200708 19:42:21.991"></status>
</kw>
<kw name="Input Text" library="SeleniumLibrary">
<doc>Types the given ``text`` into the text field identified by ``locator``.</doc>
<arguments>
<arg>${confirmapassword}</arg>
<arg>Robot123400</arg>
</arguments>
<msg timestamp="20200708 19:42:21.992" level="INFO">Typing text 'Robot123400' into text field 'id:secondpassword'.</msg>
<status status="PASS" starttime="20200708 19:42:21.992" endtime="20200708 19:42:22.196"></status>
</kw>
<status status="PASS" starttime="20200708 19:42:18.919" endtime="20200708 19:42:22.196"></status>
</kw>
<kw name="E clico em &quot;Enviar&quot;" library="Register_PO">
<kw name="Click Element" library="SeleniumLibrary">
<doc>Click the element identified by ``locator``.</doc>
<arguments>
<arg>${submit}</arg>
</arguments>
<msg timestamp="20200708 19:42:22.198" level="INFO">Clicking element 'id:submitbtn'.</msg>
<status status="PASS" starttime="20200708 19:42:22.197" endtime="20200708 19:42:22.305"></status>
</kw>
<status status="PASS" starttime="20200708 19:42:22.197" endtime="20200708 19:42:22.305"></status>
</kw>
<kw name="Então vejo uma mensagem de validação informando que os campos não conferem" library="Register_PO">
<kw name="Page Should Contain" library="SeleniumLibrary">
<doc>Verifies that current page contains ``text``.</doc>
<arguments>
<arg>Passwords dont match</arg>
</arguments>
<msg timestamp="20200708 19:42:22.336" level="INFO">Current page contains text 'Passwords dont match'.</msg>
<status status="PASS" starttime="20200708 19:42:22.307" endtime="20200708 19:42:22.336"></status>
</kw>
<status status="PASS" starttime="20200708 19:42:22.307" endtime="20200708 19:42:22.336"></status>
</kw>
<kw name="Encerra sessão" library="Resource" type="teardown">
<kw name="Capture Page Screenshot" library="SeleniumLibrary">
<doc>Takes a screenshot of the current page and embeds it into a log file.</doc>
<msg timestamp="20200708 19:42:22.832" level="INFO" html="yes">&lt;/td&gt;&lt;/tr&gt;&lt;tr&gt;&lt;td colspan="3"&gt;&lt;a href="selenium-screenshot-17.png"&gt;&lt;img src="selenium-screenshot-17.png" width="800px"&gt;&lt;/a&gt;</msg>
<status status="PASS" starttime="20200708 19:42:22.338" endtime="20200708 19:42:22.832"></status>
</kw>
<kw name="Close Browser" library="SeleniumLibrary">
<doc>Closes the current browser.</doc>
<status status="PASS" starttime="20200708 19:42:22.832" endtime="20200708 19:42:25.507"></status>
</kw>
<status status="PASS" starttime="20200708 19:42:22.337" endtime="20200708 19:42:25.508"></status>
</kw>
<tags>
<tag>senhanaoconfere</tag>
</tags>
<status status="PASS" starttime="20200708 19:42:12.091" endtime="20200708 19:42:25.509" critical="yes"></status>
</test>
<status status="PASS" starttime="20200708 19:41:18.201" endtime="20200708 19:42:25.513"></status>
</suite>
<statistics>
<total>
<stat pass="3" fail="0">Critical Tests</stat>
<stat pass="3" fail="0">All Tests</stat>
</total>
<tag>
<stat pass="1" fail="0">cadastro</stat>
<stat pass="1" fail="0">obrigatorio</stat>
<stat pass="1" fail="0">senhanaoconfere</stat>
</tag>
<suite>
<stat pass="3" fail="0" id="s1" name="Register">Register</stat>
</suite>
</statistics>
<errors>
</errors>
</robot>
